<?xml version="1.0" encoding="UTF-8"?>
<testng-results ignored="0" total="4" passed="4" failed="0" skipped="0">
  <reporter-output>
  </reporter-output>
  <suite started-at="2025-12-28T11:34:46 IST" name="Calculator Automation Suite" finished-at="2025-12-28T11:35:17 IST" duration-ms="31052">
    <groups>
    </groups>
    <test started-at="2025-12-28T11:34:46 IST" name="Calculator Tests" finished-at="2025-12-28T11:35:17 IST" duration-ms="31052">
      <class name="tests.CalculatorTest">
        <test-method is-config="true" signature="setUp()[pri:0, instance:tests.CalculatorTest@1d296da]" started-at="2025-12-28T11:34:46 IST" name="setUp" finished-at="2025-12-28T11:34:55 IST" duration-ms="8979" status="PASS">
          <reporter-output>
          </reporter-output>
        </test-method> <!-- setUp -->
        <test-method signature="testAddition()[pri:0, instance:tests.CalculatorTest@1d296da]" started-at="2025-12-28T11:34:55 IST" name="testAddition" finished-at="2025-12-28T11:34:59 IST" duration-ms="4061" status="PASS">
          <reporter-output>
          </reporter-output>
        </test-method> <!-- testAddition -->
        <test-method signature="testDivision()[pri:0, instance:tests.CalculatorTest@1d296da]" started-at="2025-12-28T11:34:59 IST" name="testDivision" finished-at="2025-12-28T11:35:03 IST" duration-ms="4270" status="PASS">
          <reporter-output>
          </reporter-output>
        </test-method> <!-- testDivision -->
        <test-method signature="testMultiplication()[pri:0, instance:tests.CalculatorTest@1d296da]" started-at="2025-12-28T11:35:03 IST" name="testMultiplication" finished-at="2025-12-28T11:35:09 IST" duration-ms="5776" status="PASS">
          <reporter-output>
          </reporter-output>
        </test-method> <!-- testMultiplication -->
        <test-method signature="testSubtraction()[pri:0, instance:tests.CalculatorTest@1d296da]" started-at="2025-12-28T11:35:09 IST" name="testSubtraction" finished-at="2025-12-28T11:35:14 IST" duration-ms="5214" status="PASS">
          <reporter-output>
          </reporter-output>
        </test-method> <!-- testSubtraction -->
        <test-method is-config="true" signature="tearDown()[pri:0, instance:tests.CalculatorTest@1d296da]" started-at="2025-12-28T11:35:14 IST" name="tearDown" finished-at="2025-12-28T11:35:17 IST" duration-ms="2620" status="PASS">
          <reporter-output>
          </reporter-output>
        </test-method> <!-- tearDown -->
      </class> <!-- tests.CalculatorTest -->
    </test> <!-- Calculator Tests -->
  </suite> <!-- Calculator Automation Suite -->
</testng-results>
