<?xml version="1.0" encoding="UTF-8"?>
<!-- Generated by org.testng.reporters.JUnitXMLReporter -->
<testsuite ignored="0" hostname="LAPTOP-6T4Q7PIB" failures="0" tests="4" name="Calculator Tests" time="31.052" errors="0" timestamp="2025-12-28T11:35:17 IST">
  <testcase classname="tests.CalculatorTest" name="testAddition" time="4.061"/>
  <testcase classname="tests.CalculatorTest" name="testDivision" time="4.27"/>
  <testcase classname="tests.CalculatorTest" name="testMultiplication" time="5.776"/>
  <testcase classname="tests.CalculatorTest" name="testSubtraction" time="5.214"/>
</testsuite> <!-- Calculator Tests -->
